<?xml version="1.0" encoding="UTF-8"?>
<!-- Generated by org.testng.reporters.JUnitReportReporter -->
<testsuite hostname="LAPTOP-PJ7L08O1" failures="0" tests="2" name="org.dbradfordportfolio.ECommerce_tc_4" time="87.769" errors="0" timestamp="27 Jan 2023 22:17:48 GMT" skipped="0">
  <testcase classname="org.dbradfordportfolio.ECommerce_tc_4" name="FillForm" time="40.311"/>
  <testcase classname="org.dbradfordportfolio.ECommerce_tc_4" name="FillForm" time="47.458"/>
</testsuite> <!-- org.dbradfordportfolio.ECommerce_tc_4 -->
