<?xml version="1.0" encoding="UTF-8"?>
<!-- Generated by org.testng.reporters.JUnitReportReporter -->
<testsuite hostname="LAPTOP-PJ7L08O1" failures="0" tests="1" name="org.dbradfordportfolio.ECommerce_tc_4" time="35.124" errors="0" timestamp="25 Jan 2023 20:11:59 GMT" skipped="0">
  <testcase classname="org.dbradfordportfolio.ECommerce_tc_4" name="FillForm" time="35.124"/>
</testsuite> <!-- org.dbradfordportfolio.ECommerce_tc_4 -->
