<?xml version="1.0" encoding="UTF-8"?>
<!-- Generated by org.testng.reporters.JUnitReportReporter -->
<testsuite hostname="LAPTOP-PJ7L08O1" failures="0" tests="2" name="org.dbradfordportfolio.ECommerce_tc_2" time="54.124" errors="0" timestamp="27 Jan 2023 22:50:13 GMT" skipped="0">
  <testcase classname="org.dbradfordportfolio.ECommerce_tc_2" name="FillForm" time="21.945"/>
  <testcase classname="org.dbradfordportfolio.ECommerce_tc_2" name="FillForm_PositiveFlow" time="32.179"/>
</testsuite> <!-- org.dbradfordportfolio.ECommerce_tc_2 -->
